
=== Mon Jan 25 09:18:15 2021

Packages were changed.
Update Mode: updateDependencies

The following packages were updated:
  com.unity.ads from version 3.4.7 to 3.4.9
  com.unity.collab-proxy from version 1.3.8 to 1.3.9
  com.unity.purchasing from version 2.0.6 to 2.1.0
  com.unity.test-framework from version 1.1.14 to 1.1.16
  com.unity.textmeshpro from version 3.0.0-preview.1 to 3.0.1

=== Tue May 16 08:49:01 2023

Packages were changed.
Update Mode: updateDependencies

The following packages were updated:
  com.unity.ads from version 3.7.1 to 4.4.1
  com.unity.analytics from version 3.5.3 to 3.6.12
  com.unity.collab-proxy from version 1.3.9 to 2.0.3
  com.unity.ide.rider from version 3.0.6 to 3.0.18
  com.unity.ide.visualstudio from version 2.0.7 to 2.0.17
  com.unity.ide.vscode from version 1.2.3 to 1.2.5
  com.unity.purchasing from version 3.0.2 to 4.7.0
  com.unity.test-framework from version 1.1.24 to 1.1.31
  com.unity.textmeshpro from version 3.0.4 to 3.0.6
  com.unity.timeline from version 1.5.4 to 1.6.4
  com.unity.xr.legacyinputhelpers from version 2.1.7 to 2.1.10
